ERROR - 2022-08-03 11:56:42 --> Table 'api.produtos' doesn't exist
ERROR - 2022-08-03 11:56:42 --> Table 'api.produtos' doesn't exist
ERROR - 2022-08-03 11:56:42 --> Table 'api.produtos' doesn't exist
ERROR - 2022-08-03 11:56:42 --> Table 'api.produtos' doesn't exist
ERROR - 2022-08-03 11:56:42 --> Table 'api.produtos' doesn't exist
ERROR - 2022-08-03 11:56:42 --> Table 'api.produtos' doesn't exist
CRITICAL - 2022-08-03 11:56:51 --> Cannot declare class App\Database\Migrations\Produtos, because the name is already in use
in APPPATH\Database\Migrations\2022-07-27-170837_Produtos.php on line 7.
 1 [internal function]: CodeIgniter\Debug\Exceptions->shutdownHandler()
ERROR - 2022-08-03 11:57:34 --> Table 'produtos' already exists
CRITICAL - 2022-08-03 12:15:50 --> Class 'APP\Models\ProdutosModel' not found
in APPPATH\Controllers\Produtos.php on line 12.
 1 SYSTEMPATH\CodeIgniter.php(858): App\Controllers\Produtos->__construct()
 2 SYSTEMPATH\CodeIgniter.php(457): CodeIgniter\CodeIgniter->createController()
 3 SYSTEMPATH\CodeIgniter.php(349): CodeIgniter\CodeIgniter->handleRequest(null, Object(Config\Cache), false)
 4 FCPATH\index.php(55): CodeIgniter\CodeIgniter->run()
 5 SYSTEMPATH\Commands\Server\rewrite.php(43): require_once('FCPATH\\index.php')
CRITICAL - 2022-08-03 12:18:10 --> Class 'APP\Models\ProdutosModel' not found
in APPPATH\Controllers\Produtos.php on line 12.
 1 SYSTEMPATH\CodeIgniter.php(858): App\Controllers\Produtos->__construct()
 2 SYSTEMPATH\CodeIgniter.php(457): CodeIgniter\CodeIgniter->createController()
 3 SYSTEMPATH\CodeIgniter.php(349): CodeIgniter\CodeIgniter->handleRequest(null, Object(Config\Cache), false)
 4 FCPATH\index.php(55): CodeIgniter\CodeIgniter->run()
 5 SYSTEMPATH\Commands\Server\rewrite.php(43): require_once('FCPATH\\index.php')
ERROR - 2022-08-03 12:25:36 --> Column 'descricao' cannot be null
